<?xml version="1.0" encoding="UTF-8"?>
<!-- Generated by org.testng.reporters.JUnitXMLReporter -->
<testsuite hostname="Dell-Inspiron-5570" ignored="0" name="Default test" tests="3" failures="0" timestamp="2019-12-25T16:08:34 CET" time="7.397" errors="0">
  <testcase name="menuTabValidation" time="0.078" classname="com.demoaut.NewTours2.HomePageValidation"/>
  <testcase name="validateFooter" time="0.047" classname="com.demoaut.NewTours2.HomePageValidation"/>
  <testcase name="validatePageTitle" time="0.0" classname="com.demoaut.NewTours2.HomePageValidation"/>
</testsuite> <!-- Default test -->
