<?xml version="1.0" encoding="UTF-8"?>
<!-- Generated by org.testng.reporters.JUnitXMLReporter -->
<testsuite hostname="Dell-Inspiron-5570" ignored="0" name="Default test" tests="2" failures="0" timestamp="2019-12-25T20:07:29 CET" time="17.583" errors="0">
  <testcase name="registerDataProviderDriven" time="2.422" classname="com.demoaut.NewTours2.RegisterPageTest"/>
  <testcase name="registerExcelDriven" time="2.423" classname="com.demoaut.NewTours2.RegisterPageTest"/>
</testsuite> <!-- Default test -->
