<?xml version="1.0" encoding="UTF-8"?>
<!-- Generated by org.testng.reporters.JUnitXMLReporter -->
<testsuite hostname="Dell-Inspiron-5570" ignored="0" name="HomePageTest" tests="3" failures="0" timestamp="2019-12-29T22:16:21 CET" time="14.556" errors="0">
  <testcase name="menuTabValidation" time="0.093" classname="com.demoaut.NewTours2.HomePageValidation"/>
  <testcase name="validateFooter" time="0.078" classname="com.demoaut.NewTours2.HomePageValidation"/>
  <testcase name="validatePageTitle" time="0.016" classname="com.demoaut.NewTours2.HomePageValidation"/>
</testsuite> <!-- HomePageTest -->
