<?xml version="1.0" encoding="UTF-8"?>
<!-- Generated by org.testng.reporters.JUnitXMLReporter -->
<testsuite hostname="Dell-Inspiron-5570" ignored="0" name="HomePageTest" tests="3" failures="0" timestamp="2020-01-09T15:59:45 CET" time="7.755" errors="0">
  <testcase name="menuTabValidation" time="0.058" classname="com.demoaut.NewTours2.HomePageValidation"/>
  <testcase name="validateFooter" time="0.035" classname="com.demoaut.NewTours2.HomePageValidation"/>
  <testcase name="validatePageTitle" time="0.008" classname="com.demoaut.NewTours2.HomePageValidation"/>
</testsuite> <!-- HomePageTest -->
