<?xml version="1.0" encoding="UTF-8"?>
<!-- Generated by org.testng.reporters.JUnitXMLReporter -->
<testsuite hostname="Dell-Inspiron-5570" ignored="0" name="RegisterUserTest" tests="2" failures="0" timestamp="2020-01-09T16:00:07 CET" time="21.596" errors="0">
  <testcase name="registerDataProviderDriven" time="2.338" classname="com.demoaut.NewTours2.RegisterPageTest"/>
  <testcase name="registerExcelDriven" time="8.223" classname="com.demoaut.NewTours2.RegisterPageTest"/>
</testsuite> <!-- RegisterUserTest -->
