<?xml version="1.0" encoding="UTF-8"?>
<testng-results skipped="0" failed="0" ignored="0" total="7" passed="7">
  <reporter-output>
  </reporter-output>
  <suite name="Suite" duration-ms="251163" started-at="2020-01-09T19:55:15 CET" finished-at="2020-01-09T19:59:27 CET">
    <groups>
    </groups>
    <test name="HomePageTest" duration-ms="7678" started-at="2020-01-09T19:55:15 CET" finished-at="2020-01-09T19:55:23 CET">
      <class name="com.demoaut.NewTours2.HomePageValidation">
        <test-method status="PASS" signature="initialize()[pri:0, instance:com.demoaut.NewTours2.HomePageValidation@27ce24aa]" name="initialize" is-config="true" duration-ms="7481" started-at="2020-01-09T19:55:15 CET" finished-at="2020-01-09T19:55:23 CET">
          <reporter-output>
          </reporter-output>
        </test-method> <!-- initialize -->
        <test-method status="PASS" signature="menuTabValidation()[pri:0, instance:com.demoaut.NewTours2.HomePageValidation@27ce24aa]" name="menuTabValidation" duration-ms="59" started-at="2020-01-09T19:55:23 CET" finished-at="2020-01-09T19:55:23 CET">
          <reporter-output>
          </reporter-output>
        </test-method> <!-- menuTabValidation -->
        <test-method status="PASS" signature="validateFooter()[pri:0, instance:com.demoaut.NewTours2.HomePageValidation@27ce24aa]" name="validateFooter" duration-ms="36" started-at="2020-01-09T19:55:23 CET" finished-at="2020-01-09T19:55:23 CET">
          <reporter-output>
          </reporter-output>
        </test-method> <!-- validateFooter -->
        <test-method status="PASS" signature="validatePageTitle()[pri:0, instance:com.demoaut.NewTours2.HomePageValidation@27ce24aa]" name="validatePageTitle" duration-ms="10" started-at="2020-01-09T19:55:23 CET" finished-at="2020-01-09T19:55:23 CET">
          <reporter-output>
          </reporter-output>
        </test-method> <!-- validatePageTitle -->
        <test-method status="PASS" signature="tearDown()[pri:0, instance:com.demoaut.NewTours2.HomePageValidation@27ce24aa]" name="tearDown" is-config="true" duration-ms="52" started-at="2020-01-09T19:55:23 CET" finished-at="2020-01-09T19:55:23 CET">
          <reporter-output>
          </reporter-output>
        </test-method> <!-- tearDown -->
      </class> <!-- com.demoaut.NewTours2.HomePageValidation -->
    </test> <!-- HomePageTest -->
    <test name="RegisterUserTest" duration-ms="123312" started-at="2020-01-09T19:55:23 CET" finished-at="2020-01-09T19:57:27 CET">
      <class name="com.demoaut.NewTours2.RegisterPageTest">
        <test-method status="PASS" signature="initialize()[pri:0, instance:com.demoaut.NewTours2.RegisterPageTest@40ef3420]" name="initialize" is-config="true" duration-ms="7080" started-at="2020-01-09T19:55:23 CET" finished-at="2020-01-09T19:55:30 CET">
          <reporter-output>
          </reporter-output>
        </test-method> <!-- initialize -->
        <test-method status="PASS" signature="registerDataProviderDriven(java.lang.String, java.lang.String, java.lang.String, java.lang.String, java.lang.String, java.lang.String, java.lang.String, java.lang.String, java.lang.String, java.lang.String, java.lang.String, java.lang.String)[pri:0, instance:com.demoaut.NewTours2.RegisterPageTest@40ef3420]" name="registerDataProviderDriven" duration-ms="27620" started-at="2020-01-09T19:55:30 CET" data-provider="getData" finished-at="2020-01-09T19:55:58 CET">
          <params>
            <param index="0">
              <value>
                <![CDATA[Joca]]>
              </value>
            </param>
            <param index="1">
              <value>
                <![CDATA[Jocic]]>
              </value>
            </param>
            <param index="2">
              <value>
                <![CDATA[0800200200]]>
              </value>
            </param>
            <param index="3">
              <value>
                <![CDATA[valid@email.com]]>
              </value>
            </param>
            <param index="4">
              <value>
                <![CDATA[My Home address]]>
              </value>
            </param>
            <param index="5">
              <value>
                <![CDATA[My City]]>
              </value>
            </param>
            <param index="6">
              <value>
                <![CDATA[My State]]>
              </value>
            </param>
            <param index="7">
              <value>
                <![CDATA[91080]]>
              </value>
            </param>
            <param index="8">
              <value>
                <![CDATA[ser]]>
              </value>
            </param>
            <param index="9">
              <value>
                <![CDATA[perica24]]>
              </value>
            </param>
            <param index="10">
              <value>
                <![CDATA[admin]]>
              </value>
            </param>
            <param index="11">
              <value>
                <![CDATA[admin]]>
              </value>
            </param>
          </params>
          <reporter-output>
          </reporter-output>
        </test-method> <!-- registerDataProviderDriven -->
        <test-method status="PASS" signature="signOut()[pri:0, instance:com.demoaut.NewTours2.RegisterPageTest@40ef3420]" name="signOut" is-config="true" duration-ms="711" started-at="2020-01-09T19:55:58 CET" finished-at="2020-01-09T19:55:59 CET">
          <reporter-output>
          </reporter-output>
        </test-method> <!-- signOut -->
        <test-method status="PASS" signature="registerExcelDriven()[pri:0, instance:com.demoaut.NewTours2.RegisterPageTest@40ef3420]" name="registerExcelDriven" duration-ms="87297" started-at="2020-01-09T19:55:59 CET" finished-at="2020-01-09T19:57:26 CET">
          <reporter-output>
          </reporter-output>
        </test-method> <!-- registerExcelDriven -->
        <test-method status="PASS" signature="signOut()[pri:0, instance:com.demoaut.NewTours2.RegisterPageTest@40ef3420]" name="signOut" is-config="true" duration-ms="536" started-at="2020-01-09T19:57:26 CET" finished-at="2020-01-09T19:57:26 CET">
          <reporter-output>
          </reporter-output>
        </test-method> <!-- signOut -->
        <test-method status="PASS" signature="tearDown()[pri:0, instance:com.demoaut.NewTours2.RegisterPageTest@40ef3420]" name="tearDown" is-config="true" duration-ms="44" started-at="2020-01-09T19:57:26 CET" finished-at="2020-01-09T19:57:27 CET">
          <reporter-output>
          </reporter-output>
        </test-method> <!-- tearDown -->
      </class> <!-- com.demoaut.NewTours2.RegisterPageTest -->
    </test> <!-- RegisterUserTest -->
    <test name="LoginPageTest" duration-ms="81080" started-at="2020-01-09T19:57:27 CET" finished-at="2020-01-09T19:58:48 CET">
      <class name="com.demoaut.NewTours2.LoginPageTest">
        <test-method status="PASS" signature="initialize()[pri:0, instance:com.demoaut.NewTours2.LoginPageTest@dbf57b3]" name="initialize" is-config="true" duration-ms="7000" started-at="2020-01-09T19:57:27 CET" finished-at="2020-01-09T19:57:34 CET">
          <reporter-output>
          </reporter-output>
        </test-method> <!-- initialize -->
        <test-method status="PASS" signature="loginExcelDriven()[pri:0, instance:com.demoaut.NewTours2.LoginPageTest@dbf57b3]" name="loginExcelDriven" duration-ms="73459" started-at="2020-01-09T19:57:34 CET" finished-at="2020-01-09T19:58:47 CET">
          <reporter-output>
          </reporter-output>
        </test-method> <!-- loginExcelDriven -->
        <test-method status="PASS" signature="signOut()[pri:0, instance:com.demoaut.NewTours2.LoginPageTest@dbf57b3]" name="signOut" is-config="true" duration-ms="562" started-at="2020-01-09T19:58:47 CET" finished-at="2020-01-09T19:58:48 CET">
          <reporter-output>
          </reporter-output>
        </test-method> <!-- signOut -->
        <test-method status="PASS" signature="tearDown()[pri:0, instance:com.demoaut.NewTours2.LoginPageTest@dbf57b3]" name="tearDown" is-config="true" duration-ms="54" started-at="2020-01-09T19:58:48 CET" finished-at="2020-01-09T19:58:48 CET">
          <reporter-output>
          </reporter-output>
        </test-method> <!-- tearDown -->
      </class> <!-- com.demoaut.NewTours2.LoginPageTest -->
    </test> <!-- LoginPageTest -->
    <test name="FlightFinderTest" duration-ms="38932" started-at="2020-01-09T19:58:48 CET" finished-at="2020-01-09T19:59:27 CET">
      <class name="com.demoaut.NewTours2.FlightFinderTest">
        <test-method status="PASS" signature="initialize()[pri:0, instance:com.demoaut.NewTours2.FlightFinderTest@14dd9eb7]" name="initialize" is-config="true" duration-ms="37587" started-at="2020-01-09T19:58:48 CET" finished-at="2020-01-09T19:59:25 CET">
          <reporter-output>
          </reporter-output>
        </test-method> <!-- initialize -->
        <test-method status="PASS" signature="findFlight()[pri:0, instance:com.demoaut.NewTours2.FlightFinderTest@14dd9eb7]" name="findFlight" duration-ms="1298" started-at="2020-01-09T19:59:25 CET" finished-at="2020-01-09T19:59:27 CET">
          <reporter-output>
          </reporter-output>
        </test-method> <!-- findFlight -->
        <test-method status="PASS" signature="tearDown()[pri:0, instance:com.demoaut.NewTours2.FlightFinderTest@14dd9eb7]" name="tearDown" is-config="true" duration-ms="47" started-at="2020-01-09T19:59:27 CET" finished-at="2020-01-09T19:59:27 CET">
          <reporter-output>
          </reporter-output>
        </test-method> <!-- tearDown -->
      </class> <!-- com.demoaut.NewTours2.FlightFinderTest -->
    </test> <!-- FlightFinderTest -->
  </suite> <!-- Suite -->
</testng-results>
